0 verbose cli /usr/local/bin/node /usr/local/lib/node_modules/npm/bin/npm-cli.js
1 info using npm@10.9.2
2 info using node@v22.13.1
3 silly config load:file:/usr/local/lib/node_modules/npm/npmrc
4 silly config load:file:/Users/ayushroy/Downloads/Hackathon/ucal/burnoutBuster/.npmrc
5 silly config load:file:/Users/ayushroy/.npmrc
6 silly config load:file:/usr/local/etc/npmrc
7 verbose title npm exec create-next-app@latest burnout-buddy --typescript --tailwind --eslint --app --src-dir --import-alias @/* --use-npm
8 verbose argv "exec" "--" "create-next-app@latest" "burnout-buddy" "--typescript" "--tailwind" "--eslint" "--app" "--src-dir" "--import-alias" "@/*" "--use-npm"
9 verbose logfile logs-max:10 dir:/Users/ayushroy/Downloads/Hackathon/ucal/burnoutBuster/.npm-cache/_logs/2025-11-13T00_09_35_607Z-
10 verbose logfile /Users/ayushroy/Downloads/Hackathon/ucal/burnoutBuster/.npm-cache/_logs/2025-11-13T00_09_35_607Z-debug-0.log
11 silly logfile done cleaning log files
12 silly packumentCache heap:2197815296 maxSize:549453824 maxEntrySize:274726912
13 http fetch GET 200 https://registry.npmjs.org/create-next-app 272ms (cache miss)
14 silly packumentCache heap:2197815296 maxSize:549453824 maxEntrySize:274726912
15 silly packumentCache heap:2197815296 maxSize:549453824 maxEntrySize:274726912
16 warn exec The following package was not found and will be installed: create-next-app@16.0.2
17 silly idealTree buildDeps
18 silly fetch manifest create-next-app@16.0.2
19 silly packumentCache full:https://registry.npmjs.org/create-next-app cache-miss
20 http fetch GET 200 https://registry.npmjs.org/create-next-app 216ms (cache miss)
21 silly packumentCache full:https://registry.npmjs.org/create-next-app set size:undefined disposed:false
22 silly placeDep ROOT create-next-app@16.0.2 OK for:  want: 16.0.2
23 silly reify moves {}
24 silly audit bulk request { 'create-next-app': [ '16.0.2' ] }
25 http cache create-next-app@https://registry.npmjs.org/create-next-app/-/create-next-app-16.0.2.tgz 0ms (cache hit)
26 silly tarball no local data for create-next-app@https://registry.npmjs.org/create-next-app/-/create-next-app-16.0.2.tgz. Extracting by manifest.
27 http fetch POST 200 https://registry.npmjs.org/-/npm/v1/security/advisories/bulk 71ms
28 silly audit report {}
29 http fetch GET 200 https://registry.npmjs.org/create-next-app/-/create-next-app-16.0.2.tgz 186ms (cache miss)
30 verbose cwd /Users/ayushroy/Downloads/Hackathon/ucal/burnoutBuster
31 verbose os Darwin 25.1.0
32 verbose node v22.13.1
33 verbose npm  v10.9.2
34 verbose exit 0
35 info ok
